[0m21:40:12.275595 [debug] [MainThread]: Sending event: {'category': 'dbt', 'action': 'invocation', 'label': 'start', 'context': [<snowplow_tracker.self_describing_json.SelfDescribingJson object at 0x00000237E5C5C590>, <snowplow_tracker.self_describing_json.SelfDescribingJson object at 0x00000237E6332C30>, <snowplow_tracker.self_describing_json.SelfDescribingJson object at 0x00000237E6332DB0>]}


============================== 21:40:12.636741 | 62203399-8245-4712-bb39-822dee2e4527 ==============================
[0m21:40:12.636741 [info ] [MainThread]: Running with dbt=1.11.7
[0m21:40:12.638244 [debug] [MainThread]: running dbt with arguments {'version_check': 'True', 'no_print': 'None', 'static_parser': 'True', 'target_path': 'None', 'warn_error_options': 'WarnErrorOptionsV2(error=[], warn=[], silence=[])', 'printer_width': '80', 'write_json': 'True', 'introspect': 'True', 'log_cache_events': 'False', 'empty': 'None', 'cache_selected_only': 'False', 'log_format': 'default', 'debug': 'False', 'fail_fast': 'False', 'profiles_dir': 'C:\\Users\\prave\\.dbt', 'send_anonymous_usage_stats': 'True', 'quiet': 'False', 'warn_error': 'None', 'partial_parse': 'True', 'indirect_selection': 'eager', 'use_colors': 'True', 'invocation_command': 'dbt init', 'use_experimental_parser': 'False', 'log_path': 'logs'}
[0m21:41:06.810593 [debug] [MainThread]: Starter project path: F:\DBT_Snowflake\.venv\Lib\site-packages\dbt\include\starter_project
[0m21:41:06.881788 [info ] [MainThread]: 
Your new dbt project "aws_dbt_snowflake_project" was created!

For more information on how to configure the profiles.yml file,
please consult the dbt documentation here:

  https://docs.getdbt.com/docs/configure-your-profile

One more thing:

Need help? Don't hesitate to reach out to us via GitHub issues or on Slack:

  https://community.getdbt.com/

Happy modeling!

[0m21:41:06.881788 [info ] [MainThread]: Setting up your profile.
[0m21:42:34.571050 [debug] [MainThread]: Snowflake adapter: Setting snowflake.connector to ERROR (file logging only)
[0m21:42:34.571050 [debug] [MainThread]: Snowflake adapter: Setting botocore to ERROR (file logging only)
[0m21:42:34.574065 [debug] [MainThread]: Snowflake adapter: Setting boto3 to ERROR (file logging only)
[0m21:50:47.023351 [info ] [MainThread]: Profile aws_dbt_snowflake_project written to C:\Users\prave\.dbt\profiles.yml using target's profile_template.yml and your supplied values. Run 'dbt debug' to validate the connection.
[0m21:50:47.027266 [debug] [MainThread]: Command `dbt init` succeeded at 21:50:47.027266 after 634.98 seconds
[0m21:50:47.027266 [debug] [MainThread]: Sending event: {'category': 'dbt', 'action': 'invocation', 'label': 'end', 'context': [<snowplow_tracker.self_describing_json.SelfDescribingJson object at 0x00000237E79EA690>, <snowplow_tracker.self_describing_json.SelfDescribingJson object at 0x00000237EA0D1AC0>, <snowplow_tracker.self_describing_json.SelfDescribingJson object at 0x00000237EA0D1580>]}
[0m21:50:47.029280 [debug] [MainThread]: Flushing usage events
[0m21:50:49.019539 [debug] [MainThread]: An error was encountered while trying to flush usage events
[0m22:21:17.922323 [debug] [MainThread]: Sending event: {'category': 'dbt', 'action': 'invocation', 'label': 'start', 'context': [<snowplow_tracker.self_describing_json.SelfDescribingJson object at 0x000001CD6C29B230>, <snowplow_tracker.self_describing_json.SelfDescribingJson object at 0x000001CD6C36AC00>, <snowplow_tracker.self_describing_json.SelfDescribingJson object at 0x000001CD6C0429C0>]}


============================== 22:21:17.927022 | eaaeb34f-2b03-4349-b3a7-d17a7cbd6e88 ==============================
[0m22:21:17.927022 [info ] [MainThread]: Running with dbt=1.11.7
[0m22:21:17.929035 [debug] [MainThread]: running dbt with arguments {'version_check': 'True', 'no_print': 'None', 'static_parser': 'True', 'warn_error_options': 'WarnErrorOptionsV2(error=[], warn=[], silence=[])', 'target_path': 'None', 'printer_width': '80', 'write_json': 'True', 'introspect': 'True', 'log_cache_events': 'False', 'empty': 'False', 'cache_selected_only': 'False', 'log_format': 'default', 'debug': 'False', 'fail_fast': 'False', 'profiles_dir': 'C:\\Users\\prave\\.dbt', 'send_anonymous_usage_stats': 'True', 'quiet': 'False', 'warn_error': 'None', 'partial_parse': 'True', 'invocation_command': 'dbt run --select models\\demo', 'use_colors': 'True', 'indirect_selection': 'eager', 'use_experimental_parser': 'False', 'log_path': 'logs'}
[0m22:21:17.931047 [error] [MainThread]: Encountered an error:
Runtime Error
  No dbt_project.yml found at expected path F:\DBT_Snowflake\dbt_project.yml
  Verify that each entry within packages.yml (and their transitive dependencies) contains a file named dbt_project.yml
  
[0m22:21:17.932558 [debug] [MainThread]: Command `dbt run` failed at 22:21:17.932558 after 0.15 seconds
[0m22:21:17.932558 [debug] [MainThread]: Sending event: {'category': 'dbt', 'action': 'invocation', 'label': 'end', 'context': [<snowplow_tracker.self_describing_json.SelfDescribingJson object at 0x000001CD6C29B230>, <snowplow_tracker.self_describing_json.SelfDescribingJson object at 0x000001CD6BF53080>, <snowplow_tracker.self_describing_json.SelfDescribingJson object at 0x000001CD6C559670>]}
[0m22:21:17.932558 [debug] [MainThread]: Flushing usage events
[0m22:21:19.478231 [debug] [MainThread]: An error was encountered while trying to flush usage events
[0m07:29:59.834392 [debug] [MainThread]: Sending event: {'category': 'dbt', 'action': 'invocation', 'label': 'start', 'context': [<snowplow_tracker.self_describing_json.SelfDescribingJson object at 0x000002AC6BE8C740>, <snowplow_tracker.self_describing_json.SelfDescribingJson object at 0x000002AC6CFAF380>, <snowplow_tracker.self_describing_json.SelfDescribingJson object at 0x000002AC6CFAF4A0>]}


============================== 07:29:59.859254 | 6fadddc7-481f-458b-b8d4-724a881a9d3a ==============================
[0m07:29:59.859254 [info ] [MainThread]: Running with dbt=1.11.7
[0m07:29:59.859254 [debug] [MainThread]: running dbt with arguments {'version_check': 'True', 'no_print': 'None', 'static_parser': 'True', 'target_path': 'None', 'warn_error_options': 'WarnErrorOptionsV2(error=[], warn=[], silence=[])', 'printer_width': '80', 'write_json': 'True', 'introspect': 'True', 'log_cache_events': 'False', 'empty': 'False', 'cache_selected_only': 'False', 'fail_fast': 'False', 'debug': 'False', 'log_format': 'default', 'profiles_dir': 'C:\\Users\\prave\\.dbt', 'send_anonymous_usage_stats': 'True', 'quiet': 'False', 'warn_error': 'None', 'partial_parse': 'True', 'use_colors': 'True', 'indirect_selection': 'eager', 'invocation_command': 'dbt run', 'use_experimental_parser': 'False', 'log_path': 'logs'}
[0m07:29:59.859254 [error] [MainThread]: Encountered an error:
Runtime Error
  No dbt_project.yml found at expected path F:\DBT_Snowflake\dbt_project.yml
  Verify that each entry within packages.yml (and their transitive dependencies) contains a file named dbt_project.yml
  
[0m07:29:59.859254 [debug] [MainThread]: Command `dbt run` failed at 07:29:59.859254 after 0.20 seconds
[0m07:29:59.859254 [debug] [MainThread]: Sending event: {'category': 'dbt', 'action': 'invocation', 'label': 'end', 'context': [<snowplow_tracker.self_describing_json.SelfDescribingJson object at 0x000002AC6BD7B020>, <snowplow_tracker.self_describing_json.SelfDescribingJson object at 0x000002AC6BE8C740>, <snowplow_tracker.self_describing_json.SelfDescribingJson object at 0x000002AC6CE4D2E0>]}
[0m07:29:59.859254 [debug] [MainThread]: Flushing usage events
[0m07:30:01.377392 [debug] [MainThread]: An error was encountered while trying to flush usage events
[0m19:29:34.929704 [debug] [MainThread]: Sending event: {'category': 'dbt', 'action': 'invocation', 'label': 'start', 'context': [<snowplow_tracker.self_describing_json.SelfDescribingJson object at 0x00000224A0863740>, <snowplow_tracker.self_describing_json.SelfDescribingJson object at 0x000002249DD06540>, <snowplow_tracker.self_describing_json.SelfDescribingJson object at 0x000002249D33DD30>]}


============================== 19:29:34.943824 | 5261e19b-9701-42aa-8115-f1869dec5b66 ==============================
[0m19:29:34.943824 [info ] [MainThread]: Running with dbt=1.11.7
[0m19:29:34.945890 [debug] [MainThread]: running dbt with arguments {'version_check': 'True', 'no_print': 'None', 'static_parser': 'True', 'warn_error_options': 'WarnErrorOptionsV2(error=[], warn=[], silence=[])', 'target_path': 'None', 'printer_width': '80', 'write_json': 'True', 'introspect': 'True', 'log_cache_events': 'False', 'empty': 'False', 'cache_selected_only': 'False', 'log_format': 'default', 'debug': 'False', 'fail_fast': 'False', 'profiles_dir': 'C:\\Users\\prave\\.dbt', 'send_anonymous_usage_stats': 'True', 'quiet': 'False', 'warn_error': 'None', 'partial_parse': 'True', 'use_colors': 'True', 'invocation_command': 'dbt compile', 'indirect_selection': 'eager', 'use_experimental_parser': 'False', 'log_path': 'logs'}
[0m19:29:34.946884 [error] [MainThread]: Encountered an error:
Runtime Error
  No dbt_project.yml found at expected path F:\DBT_Snowflake\dbt_project.yml
  Verify that each entry within packages.yml (and their transitive dependencies) contains a file named dbt_project.yml
  
[0m19:29:34.948295 [debug] [MainThread]: Command `dbt compile` failed at 19:29:34.948295 after 0.23 seconds
[0m19:29:34.949455 [debug] [MainThread]: Sending event: {'category': 'dbt', 'action': 'invocation', 'label': 'end', 'context': [<snowplow_tracker.self_describing_json.SelfDescribingJson object at 0x00000224A0EF6900>, <snowplow_tracker.self_describing_json.SelfDescribingJson object at 0x00000224A0ECD850>, <snowplow_tracker.self_describing_json.SelfDescribingJson object at 0x00000224A20CB920>]}
[0m19:29:34.950460 [debug] [MainThread]: Flushing usage events
[0m19:29:36.328175 [debug] [MainThread]: An error was encountered while trying to flush usage events
